<?xml version="1.0" encoding="UTF-8"?>
<testng-results ignored="0" total="1" passed="1" failed="0" skipped="0">
  <reporter-output>
  </reporter-output>
  <suite started-at="2021-09-20T12:25:47Z" name="Default suite" finished-at="2021-09-20T12:26:40Z" duration-ms="53522">
    <groups>
    </groups>
    <test started-at="2021-09-20T12:25:47Z" name="Default test" finished-at="2021-09-20T12:26:40Z" duration-ms="53522">
      <class name="easeMyTrip.EaseMyTrip">
        <test-method is-config="true" signature="config()[pri:0, instance:easeMyTrip.EaseMyTrip@4b7dc788]" started-at="2021-09-20T12:25:47Z" name="config" finished-at="2021-09-20T12:25:48Z" duration-ms="1610" status="PASS">
          <reporter-output>
          </reporter-output>
        </test-method> <!-- config -->
        <test-method signature="easeMyTrip()[pri:0, instance:easeMyTrip.EaseMyTrip@4b7dc788]" started-at="2021-09-20T12:25:48Z" name="easeMyTrip" finished-at="2021-09-20T12:26:40Z" duration-ms="51728" status="PASS">
          <reporter-output>
          </reporter-output>
        </test-method> <!-- easeMyTrip -->
      </class> <!-- easeMyTrip.EaseMyTrip -->
    </test> <!-- Default test -->
  </suite> <!-- Default suite -->
</testng-results>
